#
# There is insufficient memory for the Java Runtime Environment to continue.
# Native memory allocation (mmap) failed to map 8388608 bytes for G1 virtual space
# Possible reasons:
#   The system is out of physical RAM or swap space
#   The process is running with CompressedOops enabled, and the Java Heap may be blocking the growth of the native heap
# Possible solutions:
#   Reduce memory load on the system
#   Increase physical memory or swap space
#   Check if swap backing store is full
#   Decrease Java heap size (-Xmx/-Xms)
#   Decrease number of Java threads
#   Decrease Java thread stack sizes (-Xss)
#   Set larger code cache with -XX:ReservedCodeCacheSize=
#   JVM is running with Zero Based Compressed Oops mode in which the Java heap is
#     placed in the first 32GB address space. The Java Heap base address is the
#     maximum limit for the native heap growth. Please use -XX:HeapBaseMinAddress
#     to set the Java Heap base and to place the Java Heap above 32GB virtual address.
# This output file may be truncated or incomplete.
#
#  Out of Memory Error (os_windows.cpp:3527), pid=8460, tid=2648
#
# JRE version:  (19.0.1+10) (build )
# Java VM: OpenJDK 64-Bit Server VM (19.0.1+10-21, mixed mode, sharing, tiered, compressed oops, compressed class ptrs, g1 gc, windows-amd64)
# No core dump will be written. Minidumps are not enabled by default on client versions of Windows
#

---------------  S U M M A R Y ------------

Command Line: -Dfile.encoding=UTF-8 --module-path=D:\projetosnet\IA-busca-em-largura-e-A-\burrice_artificial\build\classes burrice_artificial.Burrice_artificial

Host: AMD Ryzen 7 3700X 8-Core Processor             , 16 cores, 31G,  Windows 10 , 64 bit Build 19041 (10.0.19041.2364)
Time: Sun Dec 18 17:46:26 2022 Hora oficial do Brasil elapsed time: 0.009495 seconds (0d 0h 0m 0s)

---------------  T H R E A D  ---------------

Current thread (0x0000019264bcb120):  JavaThread "Unknown thread" [_thread_in_vm, id=2648, stack(0x0000007537a00000,0x0000007537b00000)]

Stack: [0x0000007537a00000,0x0000007537b00000]
Native frames: (J=compiled Java code, j=interpreted, Vv=VM code, C=native code)
V  [jvm.dll+0x6ee8fa]
V  [jvm.dll+0x857a1e]
V  [jvm.dll+0x85940e]
V  [jvm.dll+0x859ac3]
V  [jvm.dll+0x28291f]
V  [jvm.dll+0x6eb6e9]
V  [jvm.dll+0x6e028a]
V  [jvm.dll+0x357136]
V  [jvm.dll+0x35eb96]
V  [jvm.dll+0x3b5588]
V  [jvm.dll+0x3b578f]
V  [jvm.dll+0x32c6ea]
V  [jvm.dll+0x32d59e]
V  [jvm.dll+0x821b20]
V  [jvm.dll+0x3c27c1]
V  [jvm.dll+0x8022f1]
V  [jvm.dll+0x44b30f]
V  [jvm.dll+0x44cc91]
C  [jli.dll+0x5287]
C  [ucrtbase.dll+0x21bb2]
C  [KERNEL32.DLL+0x17614]
C  [ntdll.dll+0x526a1]


---------------  P R O C E S S  ---------------

Threads class SMR info:
_java_thread_list=0x00007ff9b875d048, length=0, elements={
}

Java Threads: ( => current thread )

Other Threads:
  0x0000019264c7ff50 WorkerThread "GC Thread#0" [stack: 0x0000007537b00000,0x0000007537c00000] [id=31112]
  0x0000019264c90fa0 ConcurrentGCThread "G1 Main Marker" [stack: 0x0000007537c00000,0x0000007537d00000] [id=23148]
  0x0000019264c93320 WorkerThread "G1 Conc#0" [stack: 0x0000007537d00000,0x0000007537e00000] [id=32548]

[error occurred during error reporting (printing all threads), id 0xc0000005, EXCEPTION_ACCESS_VIOLATION (0xc0000005) at pc=0x00007ff9b7f1d127]

VM state: not at safepoint (not fully initialized)

VM Mutex/Monitor currently owned by a thread:  ([mutex/lock_event])
[0x0000019264bc8cb0] Heap_lock - owner thread: 0x0000019264bcb120

Heap address: 0x0000000601400000, size: 8172 MB, Compressed Oops mode: Zero based, Oop shift amount: 3

CDS archive(s) mapped at: [0x0000000000000000-0x0000000000000000-0x0000000000000000), size 0, SharedBaseAddress: 0x0000000800000000, ArchiveRelocationMode: 0.
Narrow klass base: 0x0000000000000000, Narrow klass shift: 0, Narrow klass range: 0x0

GC Precious Log:
 CardTable entry size: 512
 Card Set container configuration: InlinePtr #cards 4 size 8 Array Of Cards #cards 32 size 80 Howl #buckets 8 coarsen threshold 7372 Howl Bitmap #cards 1024 size 144 coarsen threshold 921 Card regions per heap region 1 cards per card region 8192

Heap:
 garbage-first heap   total 0K, used 0K [0x0000000601400000, 0x0000000800000000)
  region size 4096K, 0 young (0K), 0 survivors (0K)

[error occurred during error reporting (printing heap information), id 0xc0000005, EXCEPTION_ACCESS_VIOLATION (0xc0000005) at pc=0x00007ff9b8326959]

GC Heap History (0 events):
No events

Dll operation events (1 events):
Event: 0.005 Loaded shared library C:\Program Files\Java\jdk-19.0.1\bin\java.dll

Deoptimization events (0 events):
No events

Classes loaded (0 events):
No events

Classes unloaded (0 events):
No events

Classes redefined (0 events):
No events

Internal exceptions (0 events):
No events

VM Operations (0 events):
No events

Events (0 events):
No events


Dynamic libraries:
0x00007ff7c34c0000 - 0x00007ff7c34ce000 	C:\Program Files\Java\jdk-19.0.1\bin\java.exe
0x00007ffa57630000 - 0x00007ffa57828000 	C:\windows\SYSTEM32\ntdll.dll
0x00007ffa55bc0000 - 0x00007ffa55c7f000 	C:\windows\System32\KERNEL32.DLL
0x00007ffa55020000 - 0x00007ffa552f2000 	C:\windows\System32\KERNELBASE.dll
0x00007ffa55300000 - 0x00007ffa55400000 	C:\windows\System32\ucrtbase.dll
0x00007ffa49790000 - 0x00007ffa497ab000 	C:\Program Files\Java\jdk-19.0.1\bin\VCRUNTIME140.dll
0x00007ffa418e0000 - 0x00007ffa418f7000 	C:\Program Files\Java\jdk-19.0.1\bin\jli.dll
0x00007ffa558a0000 - 0x00007ffa55a41000 	C:\windows\System32\USER32.dll
0x00007ffa55640000 - 0x00007ffa55662000 	C:\windows\System32\win32u.dll
0x00007ffa3f530000 - 0x00007ffa3f7ca000 	C:\windows\WinSxS\amd64_microsoft.windows.common-controls_6595b64144ccf1df_6.0.19041.1110_none_60b5254171f9507e\COMCTL32.dll
0x00007ffa557b0000 - 0x00007ffa557db000 	C:\windows\System32\GDI32.dll
0x00007ffa55e20000 - 0x00007ffa55ebe000 	C:\windows\System32\msvcrt.dll
0x00007ffa54f10000 - 0x00007ffa5501f000 	C:\windows\System32\gdi32full.dll
0x00007ffa55530000 - 0x00007ffa555cd000 	C:\windows\System32\msvcp_win.dll
0x00007ffa55b20000 - 0x00007ffa55b52000 	C:\windows\System32\IMM32.DLL
0x00007ffa49770000 - 0x00007ffa4977c000 	C:\Program Files\Java\jdk-19.0.1\bin\vcruntime140_1.dll
0x00007ffa28bc0000 - 0x00007ffa28c4e000 	C:\Program Files\Java\jdk-19.0.1\bin\msvcp140.dll
0x00007ff9b7be0000 - 0x00007ff9b88a0000 	C:\Program Files\Java\jdk-19.0.1\bin\server\jvm.dll
0x00007ffa56cc0000 - 0x00007ffa56d6e000 	C:\windows\System32\ADVAPI32.dll
0x00007ffa56900000 - 0x00007ffa5699c000 	C:\windows\System32\sechost.dll
0x00007ffa56d70000 - 0x00007ffa56e95000 	C:\windows\System32\RPCRT4.dll
0x00007ffa4dec0000 - 0x00007ffa4deca000 	C:\windows\SYSTEM32\VERSION.dll
0x00007ffa4c1f0000 - 0x00007ffa4c217000 	C:\windows\SYSTEM32\WINMM.dll
0x00007ffa3c060000 - 0x00007ffa3c069000 	C:\windows\SYSTEM32\WSOCK32.dll
0x00007ffa55da0000 - 0x00007ffa55e0b000 	C:\windows\System32\WS2_32.dll
0x00007ffa52c00000 - 0x00007ffa52c12000 	C:\windows\SYSTEM32\kernel.appcore.dll
0x00007ffa49610000 - 0x00007ffa4961a000 	C:\Program Files\Java\jdk-19.0.1\bin\jimage.dll
0x00007ffa4c220000 - 0x00007ffa4c404000 	C:\windows\SYSTEM32\DBGHELP.DLL
0x00007ffa437c0000 - 0x00007ffa437f5000 	C:\windows\SYSTEM32\dbgcore.DLL
0x00007ffa54e80000 - 0x00007ffa54f02000 	C:\windows\System32\bcryptPrimitives.dll
0x00007ffa38b90000 - 0x00007ffa38bb6000 	C:\Program Files\Java\jdk-19.0.1\bin\java.dll

dbghelp: loaded successfully - version: 4.0.5 - missing functions: none
symbol engine: initialized successfully - sym options: 0x614 - pdb path: .;C:\Program Files\Java\jdk-19.0.1\bin;C:\windows\SYSTEM32;C:\windows\WinSxS\amd64_microsoft.windows.common-controls_6595b64144ccf1df_6.0.19041.1110_none_60b5254171f9507e;C:\Program Files\Java\jdk-19.0.1\bin\server

VM Arguments:
jvm_args: -Dfile.encoding=UTF-8 --module-path=D:\projetosnet\IA-busca-em-largura-e-A-\burrice_artificial\build\classes 
java_command: burrice_artificial.Burrice_artificial
java_class_path (initial): D:\projetosnet\IA-busca-em-largura-e-A-\burrice_artificial\build\classes
Launcher Type: SUN_STANDARD

[Global flags]
     intx CICompilerCount                          = 12                                        {product} {ergonomic}
     uint ConcGCThreads                            = 3                                         {product} {ergonomic}
     uint G1ConcRefinementThreads                  = 13                                        {product} {ergonomic}
   size_t G1HeapRegionSize                         = 4194304                                   {product} {ergonomic}
    uintx GCDrainStackTargetSize                   = 64                                        {product} {ergonomic}
   size_t InitialHeapSize                          = 536870912                                 {product} {ergonomic}
   size_t MarkStackSize                            = 4194304                                   {product} {ergonomic}
   size_t MaxHeapSize                              = 8568963072                                {product} {ergonomic}
   size_t MinHeapDeltaBytes                        = 4194304                                   {product} {ergonomic}
   size_t MinHeapSize                              = 8388608                                   {product} {ergonomic}
    uintx NonNMethodCodeHeapSize                   = 7602480                                {pd product} {ergonomic}
    uintx NonProfiledCodeHeapSize                  = 122027880                              {pd product} {ergonomic}
    uintx ProfiledCodeHeapSize                     = 122027880                              {pd product} {ergonomic}
    uintx ReservedCodeCacheSize                    = 251658240                              {pd product} {ergonomic}
     bool SegmentedCodeCache                       = true                                      {product} {ergonomic}
   size_t SoftMaxHeapSize                          = 8568963072                             {manageable} {ergonomic}
     bool UseCompressedClassPointers               = true                           {product lp64_product} {ergonomic}
     bool UseCompressedOops                        = true                           {product lp64_product} {ergonomic}
     bool UseG1GC                                  = true                                      {product} {ergonomic}
     bool UseLargePagesIndividualAllocation        = false                                  {pd product} {ergonomic}

Logging:
Log output configuration:
 #0: stdout all=warning uptime,level,tags foldmultilines=false
 #1: stderr all=off uptime,level,tags foldmultilines=false

Environment Variables:
JAVA_HOME=C:\Program Files\Java\jdk-19.0.1
PATH=C:\Program Files (x86)\Razer Chroma SDK\bin;C:\Program Files\Razer Chroma SDK\bin;C:\Windows\system32;C:\Windows;C:\Windows\System32\Wbem;C:\Windows\System32\WindowsPowerShell\v1.0\;C:\Windows\System32\OpenSSH\;C:\Users\gutam\AppData\Local\Microsoft\WindowsApps;C:\Program Files\PuTTY\;C:\Program Files\Java\jdk-19.0.1\bin;C:\Users\gutam\AppData\Local\Microsoft\WindowsApps;C:\Users\gutam\AppData\Local\GitHubDesktop\bin
USERNAME=gutam
OS=Windows_NT
PROCESSOR_IDENTIFIER=AMD64 Family 23 Model 113 Stepping 0, AuthenticAMD
TMP=C:\Users\gutam\AppData\Local\Temp
TEMP=C:\Users\gutam\AppData\Local\Temp



---------------  S Y S T E M  ---------------

OS:
 Windows 10 , 64 bit Build 19041 (10.0.19041.2364)
OS uptime: 1 days 2:59 hours

CPU: total 16 (initial active 16) (16 cores per cpu, 2 threads per core) family 23 model 113 stepping 0 microcode 0x0, cx8, cmov, fxsr, ht, mmx, 3dnowpref, sse, sse2, sse3, ssse3, sse4a, sse4.1, sse4.2, popcnt, lzcnt, tsc, tscinvbit, avx, avx2, aes, clmul, bmi1, bmi2, adx, sha, fma, vzeroupper, clflush, clflushopt, rdtscp, rdpid

Memory: 4k page, system-wide physical 32680M (4433M free)
TotalPageFile size 49064M (AvailPageFile size 10M)
current process WorkingSet (physical memory assigned to process): 11M, peak: 11M
current process commit charge ("private bytes"): 592M, peak: 600M

vm_info: OpenJDK 64-Bit Server VM (19.0.1+10-21) for windows-amd64 JRE (19.0.1+10-21), built on 2022-09-14T12:45:06Z by "mach5one" with MS VC++ 17.1 (VS2022)

END.
